2022-04-15 19:14:48.124 [main] INFO  SciCalculator.calculator - [Square_Root] - 4.0
2022-04-15 19:14:48.128 [main] INFO  SciCalculator.calculator - [Square_Root-Result] - 2.0
2022-04-15 19:14:48.129 [main] INFO  SciCalculator.calculator - [Square_Root] - 25.0
2022-04-15 19:14:48.129 [main] INFO  SciCalculator.calculator - [Square_Root-Result] - 5.0
2022-04-15 19:14:48.141 [main] INFO  SciCalculator.calculator - [Power] - [Base] - 3.0 [Exponent] - 2
2022-04-15 19:14:48.141 [main] INFO  SciCalculator.calculator - [Power-Result] - 9.0
2022-04-15 19:14:48.142 [main] INFO  SciCalculator.calculator - [Power] - [Base] - 5.0 [Exponent] - 2
2022-04-15 19:14:48.142 [main] INFO  SciCalculator.calculator - [Power-Result] - 25.0
2022-04-15 19:14:48.143 [main] INFO  SciCalculator.calculator - [Factorial] - 5
2022-04-15 19:14:48.149 [main] INFO  SciCalculator.calculator - [Factorial-Result] - 120
2022-04-15 19:14:48.150 [main] INFO  SciCalculator.calculator - [Factorial] - 4
2022-04-15 19:14:48.150 [main] INFO  SciCalculator.calculator - [Factorial-Result] - 24
2022-04-15 19:14:48.151 [main] INFO  SciCalculator.calculator - [Natural_Log] - 10.0
2022-04-15 19:14:48.152 [main] INFO  SciCalculator.calculator - [Natural_Log-Result] - 2.302585092994046
2022-04-15 19:14:48.152 [main] INFO  SciCalculator.calculator - [Natural_Log] - 5.0
2022-04-15 19:14:48.152 [main] INFO  SciCalculator.calculator - [Natural_Log-Result] - 1.6094379124341003
2022-04-15 19:14:55.929 [main] INFO  SciCalculator.calculator - [Square_Root] - 4.0
2022-04-15 19:14:55.933 [main] INFO  SciCalculator.calculator - [Square_Root-Result] - 2.0
2022-04-15 19:14:55.933 [main] INFO  SciCalculator.calculator - [Square_Root] - 25.0
2022-04-15 19:14:55.933 [main] INFO  SciCalculator.calculator - [Square_Root-Result] - 5.0
2022-04-15 19:14:55.947 [main] INFO  SciCalculator.calculator - [Power] - [Base] - 3.0 [Exponent] - 2
2022-04-15 19:14:55.947 [main] INFO  SciCalculator.calculator - [Power-Result] - 9.0
2022-04-15 19:14:55.947 [main] INFO  SciCalculator.calculator - [Power] - [Base] - 5.0 [Exponent] - 2
2022-04-15 19:14:55.947 [main] INFO  SciCalculator.calculator - [Power-Result] - 25.0
2022-04-15 19:14:55.948 [main] INFO  SciCalculator.calculator - [Factorial] - 5
2022-04-15 19:14:55.955 [main] INFO  SciCalculator.calculator - [Factorial-Result] - 120
2022-04-15 19:14:55.956 [main] INFO  SciCalculator.calculator - [Factorial] - 4
2022-04-15 19:14:55.956 [main] INFO  SciCalculator.calculator - [Factorial-Result] - 24
2022-04-15 19:14:55.958 [main] INFO  SciCalculator.calculator - [Natural_Log] - 10.0
2022-04-15 19:14:55.959 [main] INFO  SciCalculator.calculator - [Natural_Log-Result] - 2.302585092994046
2022-04-15 19:14:55.959 [main] INFO  SciCalculator.calculator - [Natural_Log] - 5.0
2022-04-15 19:14:55.959 [main] INFO  SciCalculator.calculator - [Natural_Log-Result] - 1.6094379124341003
2022-04-17 14:22:29.858 [main] INFO  SciCalculator.calculator - [Square_Root] - 4.0
2022-04-17 14:22:29.863 [main] INFO  SciCalculator.calculator - [Square_Root-Result] - 2.0
2022-04-17 14:22:29.863 [main] INFO  SciCalculator.calculator - [Square_Root] - 25.0
2022-04-17 14:22:29.863 [main] INFO  SciCalculator.calculator - [Square_Root-Result] - 5.0
2022-04-17 14:22:29.877 [main] INFO  SciCalculator.calculator - [Power] - [Base] - 3.0 [Exponent] - 2
2022-04-17 14:22:29.878 [main] INFO  SciCalculator.calculator - [Power-Result] - 9.0
2022-04-17 14:22:29.878 [main] INFO  SciCalculator.calculator - [Power] - [Base] - 5.0 [Exponent] - 2
2022-04-17 14:22:29.878 [main] INFO  SciCalculator.calculator - [Power-Result] - 25.0
2022-04-17 14:22:29.879 [main] INFO  SciCalculator.calculator - [Factorial] - 5
2022-04-17 14:22:29.887 [main] INFO  SciCalculator.calculator - [Factorial-Result] - 120
2022-04-17 14:22:29.887 [main] INFO  SciCalculator.calculator - [Factorial] - 4
2022-04-17 14:22:29.887 [main] INFO  SciCalculator.calculator - [Factorial-Result] - 24
2022-04-17 14:22:29.888 [main] INFO  SciCalculator.calculator - [Natural_Log] - 10.0
2022-04-17 14:22:29.889 [main] INFO  SciCalculator.calculator - [Natural_Log-Result] - 2.302585092994046
2022-04-17 14:22:29.890 [main] INFO  SciCalculator.calculator - [Natural_Log] - 5.0
2022-04-17 14:22:29.890 [main] INFO  SciCalculator.calculator - [Natural_Log-Result] - 1.6094379124341003
2022-04-17 14:22:37.878 [main] INFO  SciCalculator.calculator - [Square_Root] - 4.0
2022-04-17 14:22:37.882 [main] INFO  SciCalculator.calculator - [Square_Root-Result] - 2.0
2022-04-17 14:22:37.882 [main] INFO  SciCalculator.calculator - [Square_Root] - 25.0
2022-04-17 14:22:37.883 [main] INFO  SciCalculator.calculator - [Square_Root-Result] - 5.0
2022-04-17 14:22:37.895 [main] INFO  SciCalculator.calculator - [Power] - [Base] - 3.0 [Exponent] - 2
2022-04-17 14:22:37.895 [main] INFO  SciCalculator.calculator - [Power-Result] - 9.0
2022-04-17 14:22:37.895 [main] INFO  SciCalculator.calculator - [Power] - [Base] - 5.0 [Exponent] - 2
2022-04-17 14:22:37.896 [main] INFO  SciCalculator.calculator - [Power-Result] - 25.0
2022-04-17 14:22:37.897 [main] INFO  SciCalculator.calculator - [Factorial] - 5
2022-04-17 14:22:37.905 [main] INFO  SciCalculator.calculator - [Factorial-Result] - 120
2022-04-17 14:22:37.905 [main] INFO  SciCalculator.calculator - [Factorial] - 4
2022-04-17 14:22:37.905 [main] INFO  SciCalculator.calculator - [Factorial-Result] - 24
2022-04-17 14:22:37.906 [main] INFO  SciCalculator.calculator - [Natural_Log] - 10.0
2022-04-17 14:22:37.907 [main] INFO  SciCalculator.calculator - [Natural_Log-Result] - 2.302585092994046
2022-04-17 14:22:37.907 [main] INFO  SciCalculator.calculator - [Natural_Log] - 5.0
2022-04-17 14:22:37.908 [main] INFO  SciCalculator.calculator - [Natural_Log-Result] - 1.6094379124341003